  Fri May  6 2016  0:34                                                                                                    Page 1


                                               ***************************************
                                               **      WDC 65C816 Macro Assembler   **
                                               **                                   **
                                               **     Version 3.49.1- Feb  6 2006    **
                                               ***************************************

     1                        ;===============================================================================
     2                        ;     _    _   _ ____    _____          _   _       _  ___  _  __
     3                        ;    / \  | \ | / ___|  |  ___|__  _ __| |_| |__   ( )( _ )/ |/ /_
     4                        ;   / _ \ |  \| \___ \  | |_ / _ \| '__| __| '_ \  |/ / _ \| | '_ \
     5                        ;  / ___ \| |\  |___) | |  _| (_) | |  | |_| | | |   | (_) | | (_) |
     6                        ; /_/   \_\_| \_|____/  |_|  \___/|_|   \__|_| |_|    \___/|_|\___/
     7                        ;
     8                        ; A Direct Threaded ANS Forth for the WDC 65C816
     9                        ;-------------------------------------------------------------------------------
    10                        ; Copyright (C)2015-2016 HandCoded Software Ltd.
    11                        ; All rights reserved.
    12                        ;
    13                        ; This work is made available under the terms of the Creative Commons
    14                        ; Attribution-NonCommercial-ShareAlike 4.0 International license. Open the
    15                        ; following URL to see the details.
    16                        ;
    17                        ; http://creativecommons.org/licenses/by-nc-sa/4.0/
    18                        ;
    19                        ;===============================================================================
    20                        ; Notes:
    21                        ;
    22                        ; This implementation is designed to run in the 65C816's native mode with both
    23                        ; the accumulator and index registers in 16-bit mode except when the word needs
    24                        ; 8-bit memory access.
    25                        ;
    26                        ; The DP register is used for the Forth data stack is values can be accessed
    27                        ; using the direct-page addressing modes. The code uses the same offsets as
    28                        ; would be used with the stack relative instructions (i.e <1, <3, etc.).
    29                        ;
    30                        ; The Y register holds the forth instruction pointer leaving X free for general
    31                        ; use in words. Some words push Y if they need an extra register.
    32                        ;
    33                        ; Some of the high-level definitions are based on Bradford J. Rodriguez's
    34                        ; CamelForth implementations.
    35                        ;
    36                        ;-------------------------------------------------------------------------------
    37                        
    38                                        pw      132
    39                                        inclist on
    40                                        maclist off
    41                        
    42                                        chip    65816
    43                                        longi   off
    44                                        longa   off
    45                        
    46                                        include "w65c816.inc"
     1                        ;==============================================================================
     2                        ; __        ____  ____   ____ ___  _  __   
     3                        ; \ \      / / /_| ___| / ___( _ )/ |/ /_  
     4                        ;  \ \ /\ / / '_ \___ \| |   / _ \| | '_ \ 
     5                        ;   \ V  V /| (_) |__) | |__| (_) | | (_) |
     6                        ;    \_/\_/  \___/____/ \____\___/|_|\___/ 
  Fri May  6 2016  0:34                                                                                                    Page 2


     7                        ;
     8                        ; Western Design Center W65C816 device definitions                                          
     9                        ;------------------------------------------------------------------------------
    10                        ; Copyright (C)2015 HandCoded Software Ltd.
    11                        ; All rights reserved.
    12                        ;
    13                        ; This work is made available under the terms of the Creative Commons
    14                        ; Attribution-NonCommercial-ShareAlike 4.0 International license. Open the
    15                        ; following URL to see the details.
    16                        ;
    17                        ; http://creativecommons.org/licenses/by-nc-sa/4.0/
    18                        ;
    19                        ;===============================================================================
    20                        ; Notes:
    21                        ;
    22                        ; Various macros and definitions for the W65C816 microprocessor.
    23                        ;
    24                        ;===============================================================================
    25                        ; Revision History:
    26                        ;
    27                        ; 2015-12-18 AJ Initial version
    28                        ;-------------------------------------------------------------------------------
    29                        ; $Id$
    30                        ;-------------------------------------------------------------------------------
    31                        
    32                        ;==============================================================================
    33                        ; Status Register Bits
    34                        ;------------------------------------------------------------------------------
    35                        
    36             00000080   N_FLAG          equ     1<<7
    37             00000040   V_FLAG          equ     1<<6
    38             00000020   M_FLAG          equ     1<<5
    39             00000010   X_FLAG          equ     1<<4
    40             00000010   B_FLAG          equ     1<<4
    41             00000008   D_FLAG          equ     1<<3
    42             00000004   I_FLAG          equ     1<<2
    43             00000002   Z_FLAG          equ     1<<1
    44             00000001   C_FLAG          equ     1<<0
    45                        
    46                        ;==============================================================================
    47                        ; Macros
    48                        ;------------------------------------------------------------------------------
    49                        
    50                        ; Puts the processor in emulation mode. A, X and Y become 8-bits and the stack
    51                        ; is fixed at $0100-$01ff. 
    52                        
    53                        emulate         macro
    54                                        sec
    55                                        xce
    56                                        endm
    57                        
    58                        ; Puts the processor in native mode. The size of the memory and index register
    59                        ; operations is not controlled by the M & X bits in the status register.
    60                        
    61                        native          macro
    62                                        clc
    63                                        xce
    64                                        endm
  Fri May  6 2016  0:34                                                                                                    Page 3


    65                        
    66                        ; Resets the M bit making the accumulator and memory accesses 16-bits wide.
    67                         
    68                        long_a          macro
    69                                        rep     #M_FLAG
    70                                        longa   on
    71                                        endm
    72                        
    73                        ; Resets the X bit making the index registers 16-bits wide
    74                        
    75                        long_i          macro
    76                                        rep     #X_FLAG
    77                                        longi   on
    78                                        endm
    79                        
    80                        ; Resets the M and X bits making the accumulator, memory accesses and index
    81                        ; registers 16-bits wide.
    82                                        
    83                        long_ai         macro
    84                                        rep     #M_FLAG|X_FLAG
    85                                        longa   on
    86                                        longi   on
    87                                        endm
    88                        
    89                        ; Sets the M bit making the accumulator and memory accesses 8-bits wide.
    90                        
    91                        short_a         macro
    92                                        sep     #M_FLAG
    93                                        longa   off
    94                                        endm
    95                        
    96                        ; Sets the X bit making the index registers 8-bits wide.
    97                        
    98                        short_i         macro
    99                                        sep     #X_FLAG
   100                                        longi   off
   101                                        endm
   102                                        
   103                        ; Sets the M & X bits making the accumulator, memory accesses and index
   104                        ; registers 8-bits wide.
   105                        
   106                        short_ai        macro
   107                                        sep     #M_FLAG|X_FLAG
   108                                        longa   off
   109                                        longi   off
   110                                        endm
    47                        
    48                        ;===============================================================================
    49                        ;-------------------------------------------------------------------------------
    50                        		
    51                         		udata
    52                        		
    53                        		public NEXT_WORD
    54                        
    55 00:0000:              NEXT_WORD:	ds	4096;
    56                        
    57                                        end

  Fri May  6 2016  0:34                                                                                                    Page 4



      Lines assembled: 167
      Errors: 0
